   1              		.syntax unified
   2              		.cpu cortex-m3
   3              		.fpu softvfp
   4              		.eabi_attribute 20, 1
   5              		.eabi_attribute 21, 1
   6              		.eabi_attribute 23, 3
   7              		.eabi_attribute 24, 1
   8              		.eabi_attribute 25, 1
   9              		.eabi_attribute 26, 1
  10              		.eabi_attribute 30, 6
  11              		.eabi_attribute 34, 1
  12              		.eabi_attribute 18, 4
  13              		.thumb
  14              		.file	"max44009.c"
  15              		.text
  16              	.Ltext0:
  17              		.cfi_sections	.debug_frame
  18              		.section	.rodata
  19              		.align	2
  20              	.LC0:
  21 0000 01       		.byte	1
  22 0001 02       		.byte	2
  23 0002 05       		.byte	5
  24 0003 06       		.byte	6
  25 0004 07       		.byte	7
  26              		.text
  27              		.align	2
  28              		.global	max44009_init
  29              		.thumb
  30              		.thumb_func
  32              	max44009_init:
  33              	.LFB0:
  34              		.file 1 "drivers/OpenMote-CC2538/max44009.c"
   1:drivers/OpenMote-CC2538/max44009.c **** /**
   2:drivers/OpenMote-CC2538/max44009.c ****  * \file
   3:drivers/OpenMote-CC2538/max44009.c ****  *         Device drivers for MAX44009 light sensor in OpenMote-CC2538.
   4:drivers/OpenMote-CC2538/max44009.c ****  * \author
   5:drivers/OpenMote-CC2538/max44009.c ****  *         Pere Tuset, OpenMote <peretuset@openmote.com>
   6:drivers/OpenMote-CC2538/max44009.c ****  */
   7:drivers/OpenMote-CC2538/max44009.c **** 
   8:drivers/OpenMote-CC2538/max44009.c **** #include "i2c.h"
   9:drivers/OpenMote-CC2538/max44009.c **** #include "max44009.h"
  10:drivers/OpenMote-CC2538/max44009.c **** 
  11:drivers/OpenMote-CC2538/max44009.c **** //=========================== define ==========================================
  12:drivers/OpenMote-CC2538/max44009.c **** 
  13:drivers/OpenMote-CC2538/max44009.c **** /* ADDRESS AND NOT_FOUND VALUE */
  14:drivers/OpenMote-CC2538/max44009.c **** #define MAX44009_ADDRESS                    ( 0x4A )
  15:drivers/OpenMote-CC2538/max44009.c **** #define MAX44009_NOT_FOUND                  ( 0x00 )
  16:drivers/OpenMote-CC2538/max44009.c **** 
  17:drivers/OpenMote-CC2538/max44009.c **** /* REGISTER ADDRESSES */
  18:drivers/OpenMote-CC2538/max44009.c **** #define MAX44009_INT_STATUS_ADDR            ( 0x00 )    // R
  19:drivers/OpenMote-CC2538/max44009.c **** #define MAX44009_INT_ENABLE_ADDR            ( 0x01 )    // R/W
  20:drivers/OpenMote-CC2538/max44009.c **** #define MAX44009_CONFIG_ADDR                ( 0x02 )    // R/W
  21:drivers/OpenMote-CC2538/max44009.c **** #define MAX44009_LUX_HIGH_ADDR              ( 0x03 )    // R
  22:drivers/OpenMote-CC2538/max44009.c **** #define MAX44009_LUX_LOW_ADDR               ( 0x04 )    // R
  23:drivers/OpenMote-CC2538/max44009.c **** #define MAX44009_THR_HIGH_ADDR              ( 0x05 )    // R/W
  24:drivers/OpenMote-CC2538/max44009.c **** #define MAX44009_THR_LOW_ADDR               ( 0x06 )    // R/W
  25:drivers/OpenMote-CC2538/max44009.c **** #define MAX44009_THR_TIMER_ADDR             ( 0x07 )    // R/W
  26:drivers/OpenMote-CC2538/max44009.c **** 
  27:drivers/OpenMote-CC2538/max44009.c **** /* INTERRUPT VALUES */
  28:drivers/OpenMote-CC2538/max44009.c **** #define MAX44009_INT_STATUS_OFF             ( 0x00 )
  29:drivers/OpenMote-CC2538/max44009.c **** #define MAX44009_INT_STATUS_ON              ( 0x01 )
  30:drivers/OpenMote-CC2538/max44009.c **** #define MAX44009_INT_DISABLED               ( 0x00 )
  31:drivers/OpenMote-CC2538/max44009.c **** #define MAX44009_INT_ENABLED                ( 0x01 )
  32:drivers/OpenMote-CC2538/max44009.c **** 
  33:drivers/OpenMote-CC2538/max44009.c **** /* CONFIGURATION VALUES */
  34:drivers/OpenMote-CC2538/max44009.c **** #define MAX44009_CONFIG_DEFAULT             ( 0 << 7 )
  35:drivers/OpenMote-CC2538/max44009.c **** #define MAX44009_CONFIG_CONTINUOUS          ( 1 << 7 )
  36:drivers/OpenMote-CC2538/max44009.c **** #define MAX44009_CONFIG_AUTO                ( 0 << 6 )
  37:drivers/OpenMote-CC2538/max44009.c **** #define MAX44009_CONFIG_MANUAL              ( 1 << 6 )
  38:drivers/OpenMote-CC2538/max44009.c **** #define MAX44009_CONFIG_CDR_NORMAL          ( 0 << 5 )
  39:drivers/OpenMote-CC2538/max44009.c **** #define MAX44009_CONFIG_CDR_DIVIDED         ( 1 << 5 )
  40:drivers/OpenMote-CC2538/max44009.c **** #define MAX44009_CONFIG_INTEGRATION_800ms   ( 0 << 0 )
  41:drivers/OpenMote-CC2538/max44009.c **** #define MAX44009_CONFIG_INTEGRATION_400ms   ( 1 << 0 )
  42:drivers/OpenMote-CC2538/max44009.c **** #define MAX44009_CONFIG_INTEGRATION_200ms   ( 2 << 0 )
  43:drivers/OpenMote-CC2538/max44009.c **** #define MAX44009_CONFIG_INTEGRATION_100ms   ( 3 << 0 )
  44:drivers/OpenMote-CC2538/max44009.c **** #define MAX44009_CONFIG_INTEGRATION_50ms    ( 4 << 0 )
  45:drivers/OpenMote-CC2538/max44009.c **** #define MAX44009_CONFIG_INTEGRATION_25ms    ( 5 << 0 )
  46:drivers/OpenMote-CC2538/max44009.c **** #define MAX44009_CONFIG_INTEGRATION_12ms    ( 6 << 0 )
  47:drivers/OpenMote-CC2538/max44009.c **** #define MAX44009_CONFIG_INTEGRATION_6ms     ( 7 << 0 )
  48:drivers/OpenMote-CC2538/max44009.c **** 
  49:drivers/OpenMote-CC2538/max44009.c **** /* DEFAULT CONFIGURATION */
  50:drivers/OpenMote-CC2538/max44009.c **** #define MAX44009_DEFAULT_CONFIGURATION      ( MAX44009_CONFIG_DEFAULT | \
  51:drivers/OpenMote-CC2538/max44009.c ****                                               MAX44009_CONFIG_AUTO | \
  52:drivers/OpenMote-CC2538/max44009.c ****                                               MAX44009_CONFIG_CDR_NORMAL | \
  53:drivers/OpenMote-CC2538/max44009.c ****                                               MAX44009_CONFIG_INTEGRATION_100ms )
  54:drivers/OpenMote-CC2538/max44009.c **** 
  55:drivers/OpenMote-CC2538/max44009.c **** //=========================== variables =======================================
  56:drivers/OpenMote-CC2538/max44009.c **** 
  57:drivers/OpenMote-CC2538/max44009.c **** 
  58:drivers/OpenMote-CC2538/max44009.c **** //=========================== prototypes ======================================
  59:drivers/OpenMote-CC2538/max44009.c **** 
  60:drivers/OpenMote-CC2538/max44009.c **** 
  61:drivers/OpenMote-CC2538/max44009.c **** //=========================== public ==========================================
  62:drivers/OpenMote-CC2538/max44009.c **** 
  63:drivers/OpenMote-CC2538/max44009.c **** void max44009_init(void)
  64:drivers/OpenMote-CC2538/max44009.c **** {
  35              		.loc 1 64 0
  36              		.cfi_startproc
  37              		@ args = 0, pretend = 0, frame = 24
  38              		@ frame_needed = 1, uses_anonymous_args = 0
  39 0000 80B5     		push	{r7, lr}
  40              	.LCFI0:
  41              		.cfi_def_cfa_offset 8
  42              		.cfi_offset 7, -8
  43              		.cfi_offset 14, -4
  44 0002 86B0     		sub	sp, sp, #24
  45              	.LCFI1:
  46              		.cfi_def_cfa_offset 32
  47 0004 00AF     		add	r7, sp, #0
  48              	.LCFI2:
  49              		.cfi_def_cfa_register 7
  65:drivers/OpenMote-CC2538/max44009.c ****     uint8_t max44009_address[5] = {MAX44009_INT_ENABLE_ADDR, MAX44009_CONFIG_ADDR, \
  50              		.loc 1 65 0
  51 0006 40F20003 		movw	r3, #:lower16:.LC0
  52 000a C0F20003 		movt	r3, #:upper16:.LC0
  53 000e 07F11002 		add	r2, r7, #16
  54 0012 1868     		ldr	r0, [r3, #0]	@ unaligned
  55 0014 1060     		str	r0, [r2, #0]	@ unaligned
  56 0016 1B79     		ldrb	r3, [r3, #4]
  57 0018 1371     		strb	r3, [r2, #4]
  66:drivers/OpenMote-CC2538/max44009.c ****                                    MAX44009_THR_HIGH_ADDR, MAX44009_THR_LOW_ADDR, \
  67:drivers/OpenMote-CC2538/max44009.c ****                                    MAX44009_THR_TIMER_ADDR};
  68:drivers/OpenMote-CC2538/max44009.c ****     uint8_t max44009_value[5];
  69:drivers/OpenMote-CC2538/max44009.c ****     uint8_t max44009_data[2];
  70:drivers/OpenMote-CC2538/max44009.c ****     uint8_t i;
  71:drivers/OpenMote-CC2538/max44009.c **** 
  72:drivers/OpenMote-CC2538/max44009.c ****     max44009_value[0] = (MAX44009_INT_STATUS_ON);
  58              		.loc 1 72 0
  59 001a 4FF00103 		mov	r3, #1
  60 001e 3B72     		strb	r3, [r7, #8]
  73:drivers/OpenMote-CC2538/max44009.c ****     max44009_value[1] = (MAX44009_DEFAULT_CONFIGURATION);
  61              		.loc 1 73 0
  62 0020 4FF00303 		mov	r3, #3
  63 0024 7B72     		strb	r3, [r7, #9]
  74:drivers/OpenMote-CC2538/max44009.c ****     max44009_value[2] = (0xFF);
  64              		.loc 1 74 0
  65 0026 4FF0FF03 		mov	r3, #255
  66 002a BB72     		strb	r3, [r7, #10]
  75:drivers/OpenMote-CC2538/max44009.c ****     max44009_value[3] = (0x00);
  67              		.loc 1 75 0
  68 002c 4FF00003 		mov	r3, #0
  69 0030 FB72     		strb	r3, [r7, #11]
  76:drivers/OpenMote-CC2538/max44009.c ****     max44009_value[4] = (0xFF);
  70              		.loc 1 76 0
  71 0032 4FF0FF03 		mov	r3, #255
  72 0036 3B73     		strb	r3, [r7, #12]
  77:drivers/OpenMote-CC2538/max44009.c **** 
  78:drivers/OpenMote-CC2538/max44009.c ****     for (i = 0; i < sizeof(max44009_address); i++)
  73              		.loc 1 78 0
  74 0038 4FF00003 		mov	r3, #0
  75 003c FB75     		strb	r3, [r7, #23]
  76 003e 1AE0     		b	.L2
  77              	.L3:
  79:drivers/OpenMote-CC2538/max44009.c ****     {
  80:drivers/OpenMote-CC2538/max44009.c ****         max44009_data[0] = max44009_value[i];
  78              		.loc 1 80 0 discriminator 2
  79 0040 FB7D     		ldrb	r3, [r7, #23]	@ zero_extendqisi2
  80 0042 07F11802 		add	r2, r7, #24
  81 0046 D318     		adds	r3, r2, r3
  82 0048 13F8103C 		ldrb	r3, [r3, #-16]	@ zero_extendqisi2
  83 004c 3B71     		strb	r3, [r7, #4]
  81:drivers/OpenMote-CC2538/max44009.c ****         max44009_data[1] = max44009_data[i];
  84              		.loc 1 81 0 discriminator 2
  85 004e FB7D     		ldrb	r3, [r7, #23]	@ zero_extendqisi2
  86 0050 07F11802 		add	r2, r7, #24
  87 0054 D318     		adds	r3, r2, r3
  88 0056 13F8143C 		ldrb	r3, [r3, #-20]	@ zero_extendqisi2
  89 005a 7B71     		strb	r3, [r7, #5]
  82:drivers/OpenMote-CC2538/max44009.c ****         i2c_write_bytes(MAX44009_ADDRESS, max44009_data, 2);
  90              		.loc 1 82 0 discriminator 2
  91 005c 07F10403 		add	r3, r7, #4
  92 0060 4FF04A00 		mov	r0, #74
  93 0064 1946     		mov	r1, r3
  94 0066 4FF00202 		mov	r2, #2
  95 006a FFF7FEFF 		bl	i2c_write_bytes
  78:drivers/OpenMote-CC2538/max44009.c ****     for (i = 0; i < sizeof(max44009_address); i++)
  96              		.loc 1 78 0 discriminator 2
  97 006e FB7D     		ldrb	r3, [r7, #23]
  98 0070 03F10103 		add	r3, r3, #1
  99 0074 FB75     		strb	r3, [r7, #23]
 100              	.L2:
  78:drivers/OpenMote-CC2538/max44009.c ****     for (i = 0; i < sizeof(max44009_address); i++)
 101              		.loc 1 78 0 is_stmt 0 discriminator 1
 102 0076 FB7D     		ldrb	r3, [r7, #23]	@ zero_extendqisi2
 103 0078 042B     		cmp	r3, #4
 104 007a E1D9     		bls	.L3
  83:drivers/OpenMote-CC2538/max44009.c ****     }
  84:drivers/OpenMote-CC2538/max44009.c **** }
 105              		.loc 1 84 0 is_stmt 1
 106 007c 07F11807 		add	r7, r7, #24
 107 0080 BD46     		mov	sp, r7
 108 0082 80BD     		pop	{r7, pc}
 109              		.cfi_endproc
 110              	.LFE0:
 112              		.section	.rodata
 113 0005 000000   		.align	2
 114              	.LC1:
 115 0008 00       		.byte	0
 116 0009 03       		.byte	3
 117 000a FF       		.byte	-1
 118 000b 00       		.byte	0
 119 000c FF       		.byte	-1
 120 000d 000000   		.text
 121              		.align	2
 122              		.global	max44009_reset
 123              		.thumb
 124              		.thumb_func
 126              	max44009_reset:
 127              	.LFB1:
  85:drivers/OpenMote-CC2538/max44009.c **** 
  86:drivers/OpenMote-CC2538/max44009.c **** void max44009_reset(void)
  87:drivers/OpenMote-CC2538/max44009.c **** {
 128              		.loc 1 87 0
 129              		.cfi_startproc
 130              		@ args = 0, pretend = 0, frame = 24
 131              		@ frame_needed = 1, uses_anonymous_args = 0
 132 0084 80B5     		push	{r7, lr}
 133              	.LCFI3:
 134              		.cfi_def_cfa_offset 8
 135              		.cfi_offset 7, -8
 136              		.cfi_offset 14, -4
 137 0086 86B0     		sub	sp, sp, #24
 138              	.LCFI4:
 139              		.cfi_def_cfa_offset 32
 140 0088 00AF     		add	r7, sp, #0
 141              	.LCFI5:
 142              		.cfi_def_cfa_register 7
  88:drivers/OpenMote-CC2538/max44009.c ****     uint8_t max44009_address[5] = {MAX44009_INT_ENABLE_ADDR, MAX44009_CONFIG_ADDR, \
 143              		.loc 1 88 0
 144 008a 40F20003 		movw	r3, #:lower16:.LC0
 145 008e C0F20003 		movt	r3, #:upper16:.LC0
 146 0092 07F11002 		add	r2, r7, #16
 147 0096 1868     		ldr	r0, [r3, #0]	@ unaligned
 148 0098 1060     		str	r0, [r2, #0]	@ unaligned
 149 009a 1B79     		ldrb	r3, [r3, #4]
 150 009c 1371     		strb	r3, [r2, #4]
  89:drivers/OpenMote-CC2538/max44009.c ****                                    MAX44009_THR_HIGH_ADDR, MAX44009_THR_LOW_ADDR, \
  90:drivers/OpenMote-CC2538/max44009.c ****                                    MAX44009_THR_TIMER_ADDR};
  91:drivers/OpenMote-CC2538/max44009.c ****     uint8_t max44009_value[5] = {0x00, 0x03, 0xFF, 0x00, 0xFF};
 151              		.loc 1 91 0
 152 009e 40F20003 		movw	r3, #:lower16:.LC1
 153 00a2 C0F20003 		movt	r3, #:upper16:.LC1
 154 00a6 07F10802 		add	r2, r7, #8
 155 00aa 1868     		ldr	r0, [r3, #0]	@ unaligned
 156 00ac 1060     		str	r0, [r2, #0]	@ unaligned
 157 00ae 1B79     		ldrb	r3, [r3, #4]
 158 00b0 1371     		strb	r3, [r2, #4]
  92:drivers/OpenMote-CC2538/max44009.c ****     uint8_t max44009_data[2];
  93:drivers/OpenMote-CC2538/max44009.c ****     uint8_t i;
  94:drivers/OpenMote-CC2538/max44009.c ****     
  95:drivers/OpenMote-CC2538/max44009.c ****     for (i = 0; i < sizeof(max44009_address); i++)
 159              		.loc 1 95 0
 160 00b2 4FF00003 		mov	r3, #0
 161 00b6 FB75     		strb	r3, [r7, #23]
 162 00b8 1AE0     		b	.L5
 163              	.L6:
  96:drivers/OpenMote-CC2538/max44009.c ****     {
  97:drivers/OpenMote-CC2538/max44009.c ****         max44009_data[0] = max44009_value[i];
 164              		.loc 1 97 0 discriminator 2
 165 00ba FB7D     		ldrb	r3, [r7, #23]	@ zero_extendqisi2
 166 00bc 07F11802 		add	r2, r7, #24
 167 00c0 D318     		adds	r3, r2, r3
 168 00c2 13F8103C 		ldrb	r3, [r3, #-16]	@ zero_extendqisi2
 169 00c6 3B71     		strb	r3, [r7, #4]
  98:drivers/OpenMote-CC2538/max44009.c ****         max44009_data[1] = max44009_data[i];
 170              		.loc 1 98 0 discriminator 2
 171 00c8 FB7D     		ldrb	r3, [r7, #23]	@ zero_extendqisi2
 172 00ca 07F11802 		add	r2, r7, #24
 173 00ce D318     		adds	r3, r2, r3
 174 00d0 13F8143C 		ldrb	r3, [r3, #-20]	@ zero_extendqisi2
 175 00d4 7B71     		strb	r3, [r7, #5]
  99:drivers/OpenMote-CC2538/max44009.c ****         i2c_write_bytes(MAX44009_ADDRESS, max44009_data, 2);
 176              		.loc 1 99 0 discriminator 2
 177 00d6 07F10403 		add	r3, r7, #4
 178 00da 4FF04A00 		mov	r0, #74
 179 00de 1946     		mov	r1, r3
 180 00e0 4FF00202 		mov	r2, #2
 181 00e4 FFF7FEFF 		bl	i2c_write_bytes
  95:drivers/OpenMote-CC2538/max44009.c ****     for (i = 0; i < sizeof(max44009_address); i++)
 182              		.loc 1 95 0 discriminator 2
 183 00e8 FB7D     		ldrb	r3, [r7, #23]
 184 00ea 03F10103 		add	r3, r3, #1
 185 00ee FB75     		strb	r3, [r7, #23]
 186              	.L5:
  95:drivers/OpenMote-CC2538/max44009.c ****     for (i = 0; i < sizeof(max44009_address); i++)
 187              		.loc 1 95 0 is_stmt 0 discriminator 1
 188 00f0 FB7D     		ldrb	r3, [r7, #23]	@ zero_extendqisi2
 189 00f2 042B     		cmp	r3, #4
 190 00f4 E1D9     		bls	.L6
 100:drivers/OpenMote-CC2538/max44009.c ****     }
 101:drivers/OpenMote-CC2538/max44009.c **** }
 191              		.loc 1 101 0 is_stmt 1
 192 00f6 07F11807 		add	r7, r7, #24
 193 00fa BD46     		mov	sp, r7
 194 00fc 80BD     		pop	{r7, pc}
 195              		.cfi_endproc
 196              	.LFE1:
 198 00fe 00BF     		.align	2
 199              		.global	max44009_is_present
 200              		.thumb
 201              		.thumb_func
 203              	max44009_is_present:
 204              	.LFB2:
 102:drivers/OpenMote-CC2538/max44009.c **** 
 103:drivers/OpenMote-CC2538/max44009.c **** uint8_t max44009_is_present(void)
 104:drivers/OpenMote-CC2538/max44009.c **** {
 205              		.loc 1 104 0
 206              		.cfi_startproc
 207              		@ args = 0, pretend = 0, frame = 8
 208              		@ frame_needed = 1, uses_anonymous_args = 0
 209 0100 80B5     		push	{r7, lr}
 210              	.LCFI6:
 211              		.cfi_def_cfa_offset 8
 212              		.cfi_offset 7, -8
 213              		.cfi_offset 14, -4
 214 0102 82B0     		sub	sp, sp, #8
 215              	.LCFI7:
 216              		.cfi_def_cfa_offset 16
 217 0104 00AF     		add	r7, sp, #0
 218              	.LCFI8:
 219              		.cfi_def_cfa_register 7
 105:drivers/OpenMote-CC2538/max44009.c ****     uint8_t is_present;
 106:drivers/OpenMote-CC2538/max44009.c **** 
 107:drivers/OpenMote-CC2538/max44009.c ****     i2c_write_byte(MAX44009_ADDRESS, MAX44009_CONFIG_ADDR);
 220              		.loc 1 107 0
 221 0106 4FF04A00 		mov	r0, #74
 222 010a 4FF00201 		mov	r1, #2
 223 010e FFF7FEFF 		bl	i2c_write_byte
 108:drivers/OpenMote-CC2538/max44009.c ****     i2c_read_byte(MAX44009_ADDRESS, &is_present);
 224              		.loc 1 108 0
 225 0112 07F10703 		add	r3, r7, #7
 226 0116 4FF04A00 		mov	r0, #74
 227 011a 1946     		mov	r1, r3
 228 011c FFF7FEFF 		bl	i2c_read_byte
 109:drivers/OpenMote-CC2538/max44009.c **** 
 110:drivers/OpenMote-CC2538/max44009.c ****     return (is_present != MAX44009_NOT_FOUND);
 229              		.loc 1 110 0
 230 0120 FB79     		ldrb	r3, [r7, #7]	@ zero_extendqisi2
 231 0122 002B     		cmp	r3, #0
 232 0124 0CBF     		ite	eq
 233 0126 0023     		moveq	r3, #0
 234 0128 0123     		movne	r3, #1
 235 012a DBB2     		uxtb	r3, r3
 111:drivers/OpenMote-CC2538/max44009.c **** }
 236              		.loc 1 111 0
 237 012c 1846     		mov	r0, r3
 238 012e 07F10807 		add	r7, r7, #8
 239 0132 BD46     		mov	sp, r7
 240 0134 80BD     		pop	{r7, pc}
 241              		.cfi_endproc
 242              	.LFE2:
 244 0136 00BF     		.align	2
 245              		.global	max44009_read_light
 246              		.thumb
 247              		.thumb_func
 249              	max44009_read_light:
 250              	.LFB3:
 112:drivers/OpenMote-CC2538/max44009.c **** 
 113:drivers/OpenMote-CC2538/max44009.c **** uint16_t max44009_read_light(void)
 114:drivers/OpenMote-CC2538/max44009.c **** {
 251              		.loc 1 114 0
 252              		.cfi_startproc
 253              		@ args = 0, pretend = 0, frame = 8
 254              		@ frame_needed = 1, uses_anonymous_args = 0
 255 0138 80B5     		push	{r7, lr}
 256              	.LCFI9:
 257              		.cfi_def_cfa_offset 8
 258              		.cfi_offset 7, -8
 259              		.cfi_offset 14, -4
 260 013a 82B0     		sub	sp, sp, #8
 261              	.LCFI10:
 262              		.cfi_def_cfa_offset 16
 263 013c 00AF     		add	r7, sp, #0
 264              	.LCFI11:
 265              		.cfi_def_cfa_register 7
 115:drivers/OpenMote-CC2538/max44009.c ****     uint8_t exponent, mantissa;
 116:drivers/OpenMote-CC2538/max44009.c ****     uint8_t max44009_data[2];
 117:drivers/OpenMote-CC2538/max44009.c ****     uint16_t result;
 118:drivers/OpenMote-CC2538/max44009.c **** 
 119:drivers/OpenMote-CC2538/max44009.c ****     i2c_write_byte(MAX44009_ADDRESS, MAX44009_LUX_HIGH_ADDR);
 266              		.loc 1 119 0
 267 013e 4FF04A00 		mov	r0, #74
 268 0142 4FF00301 		mov	r1, #3
 269 0146 FFF7FEFF 		bl	i2c_write_byte
 120:drivers/OpenMote-CC2538/max44009.c ****     i2c_read_byte(MAX44009_ADDRESS, &max44009_data[0]);
 270              		.loc 1 120 0
 271 014a 3B46     		mov	r3, r7
 272 014c 4FF04A00 		mov	r0, #74
 273 0150 1946     		mov	r1, r3
 274 0152 FFF7FEFF 		bl	i2c_read_byte
 121:drivers/OpenMote-CC2538/max44009.c ****     i2c_write_byte(MAX44009_ADDRESS, MAX44009_LUX_LOW_ADDR);
 275              		.loc 1 121 0
 276 0156 4FF04A00 		mov	r0, #74
 277 015a 4FF00401 		mov	r1, #4
 278 015e FFF7FEFF 		bl	i2c_write_byte
 122:drivers/OpenMote-CC2538/max44009.c ****     i2c_read_byte(MAX44009_ADDRESS, &max44009_data[1]);
 279              		.loc 1 122 0
 280 0162 3B46     		mov	r3, r7
 281 0164 03F10103 		add	r3, r3, #1
 282 0168 4FF04A00 		mov	r0, #74
 283 016c 1946     		mov	r1, r3
 284 016e FFF7FEFF 		bl	i2c_read_byte
 123:drivers/OpenMote-CC2538/max44009.c **** 
 124:drivers/OpenMote-CC2538/max44009.c ****     exponent = (( max44009_data[0] >> 4 )  & 0x0E);
 285              		.loc 1 124 0
 286 0172 3B78     		ldrb	r3, [r7, #0]	@ zero_extendqisi2
 287 0174 4FEA1313 		lsr	r3, r3, #4
 288 0178 DBB2     		uxtb	r3, r3
 289 017a 03F00E03 		and	r3, r3, #14
 290 017e FB71     		strb	r3, [r7, #7]
 125:drivers/OpenMote-CC2538/max44009.c ****     mantissa = (( max44009_data[0] & 0x0F ) << 4) | (max44009_data[1] & 0x0F);
 291              		.loc 1 125 0
 292 0180 3B78     		ldrb	r3, [r7, #0]	@ zero_extendqisi2
 293 0182 4FEA0313 		lsl	r3, r3, #4
 294 0186 DAB2     		uxtb	r2, r3
 295 0188 7B78     		ldrb	r3, [r7, #1]	@ zero_extendqisi2
 296 018a DBB2     		uxtb	r3, r3
 297 018c 03F00F03 		and	r3, r3, #15
 298 0190 DBB2     		uxtb	r3, r3
 299 0192 1343     		orrs	r3, r3, r2
 300 0194 DBB2     		uxtb	r3, r3
 301 0196 BB71     		strb	r3, [r7, #6]
 126:drivers/OpenMote-CC2538/max44009.c **** 
 127:drivers/OpenMote-CC2538/max44009.c ****     result = ( (uint16_t) exponent << 8 ) | ( (uint16_t) mantissa << 0);
 302              		.loc 1 127 0
 303 0198 FB79     		ldrb	r3, [r7, #7]	@ zero_extendqisi2
 304 019a 4FEA0323 		lsl	r3, r3, #8
 305 019e 9AB2     		uxth	r2, r3
 306 01a0 BB79     		ldrb	r3, [r7, #6]	@ zero_extendqisi2
 307 01a2 9BB2     		uxth	r3, r3
 308 01a4 1343     		orrs	r3, r3, r2
 309 01a6 9BB2     		uxth	r3, r3
 310 01a8 BB80     		strh	r3, [r7, #4]	@ movhi
 128:drivers/OpenMote-CC2538/max44009.c ****     
 129:drivers/OpenMote-CC2538/max44009.c ****     return result;
 311              		.loc 1 129 0
 312 01aa BB88     		ldrh	r3, [r7, #4]
 130:drivers/OpenMote-CC2538/max44009.c **** }
 313              		.loc 1 130 0
 314 01ac 1846     		mov	r0, r3
 315 01ae 07F10807 		add	r7, r7, #8
 316 01b2 BD46     		mov	sp, r7
 317 01b4 80BD     		pop	{r7, pc}
 318              		.cfi_endproc
 319              	.LFE3:
 321              		.global	__aeabi_i2f
 322              		.global	__aeabi_fmul
 323 01b6 00BF     		.align	2
 324              		.global	max44009_convert_light
 325              		.thumb
 326              		.thumb_func
 328              	max44009_convert_light:
 329              	.LFB4:
 131:drivers/OpenMote-CC2538/max44009.c **** 
 132:drivers/OpenMote-CC2538/max44009.c **** float max44009_convert_light(uint16_t lux)
 133:drivers/OpenMote-CC2538/max44009.c **** {
 330              		.loc 1 133 0
 331              		.cfi_startproc
 332              		@ args = 0, pretend = 0, frame = 16
 333              		@ frame_needed = 1, uses_anonymous_args = 0
 334 01b8 80B5     		push	{r7, lr}
 335              	.LCFI12:
 336              		.cfi_def_cfa_offset 8
 337              		.cfi_offset 7, -8
 338              		.cfi_offset 14, -4
 339 01ba 84B0     		sub	sp, sp, #16
 340              	.LCFI13:
 341              		.cfi_def_cfa_offset 24
 342 01bc 00AF     		add	r7, sp, #0
 343              	.LCFI14:
 344              		.cfi_def_cfa_register 7
 345 01be 0346     		mov	r3, r0
 346 01c0 FB80     		strh	r3, [r7, #6]	@ movhi
 134:drivers/OpenMote-CC2538/max44009.c ****     uint8_t exponent, mantissa;
 135:drivers/OpenMote-CC2538/max44009.c ****     float result = 0.045;
 347              		.loc 1 135 0
 348 01c2 45F2EC13 		movw	r3, #20972
 349 01c6 C3F63853 		movt	r3, 15672
 350 01ca FB60     		str	r3, [r7, #12]	@ float
 136:drivers/OpenMote-CC2538/max44009.c ****     
 137:drivers/OpenMote-CC2538/max44009.c ****     exponent = (lux >> 8) & 0xFF;
 351              		.loc 1 137 0
 352 01cc FB88     		ldrh	r3, [r7, #6]
 353 01ce 4FEA1323 		lsr	r3, r3, #8
 354 01d2 9BB2     		uxth	r3, r3
 355 01d4 FB72     		strb	r3, [r7, #11]
 138:drivers/OpenMote-CC2538/max44009.c ****     mantissa = (lux >> 0) & 0xFF;
 356              		.loc 1 138 0
 357 01d6 FB88     		ldrh	r3, [r7, #6]	@ movhi
 358 01d8 BB72     		strb	r3, [r7, #10]
 139:drivers/OpenMote-CC2538/max44009.c ****     
 140:drivers/OpenMote-CC2538/max44009.c ****     result *= 2^exponent * mantissa;
 359              		.loc 1 140 0
 360 01da FB7A     		ldrb	r3, [r7, #11]	@ zero_extendqisi2
 361 01dc BA7A     		ldrb	r2, [r7, #10]	@ zero_extendqisi2
 362 01de 02FB03F3 		mul	r3, r2, r3
 363 01e2 83F00203 		eor	r3, r3, #2
 364 01e6 1846     		mov	r0, r3
 365 01e8 FFF7FEFF 		bl	__aeabi_i2f
 366 01ec 0346     		mov	r3, r0
 367 01ee F868     		ldr	r0, [r7, #12]	@ float
 368 01f0 1946     		mov	r1, r3
 369 01f2 FFF7FEFF 		bl	__aeabi_fmul
 370 01f6 0346     		mov	r3, r0
 371 01f8 FB60     		str	r3, [r7, #12]	@ float
 141:drivers/OpenMote-CC2538/max44009.c ****     
 142:drivers/OpenMote-CC2538/max44009.c ****     return result;
 372              		.loc 1 142 0
 373 01fa FB68     		ldr	r3, [r7, #12]	@ float
 143:drivers/OpenMote-CC2538/max44009.c **** }
 374              		.loc 1 143 0
 375 01fc 1846     		mov	r0, r3
 376 01fe 07F11007 		add	r7, r7, #16
 377 0202 BD46     		mov	sp, r7
 378 0204 80BD     		pop	{r7, pc}
 379              		.cfi_endproc
 380              	.LFE4:
 382              	.Letext0:
 383              		.file 2 "/opt/gcc-arm-none-eabi-4_7-2013q3/bin/../lib/gcc/arm-none-eabi/4.7.4/../../../../arm-none
DEFINED SYMBOLS
                            *ABS*:00000000 max44009.c
     /tmp/ccm1jtZ2.s:19     .rodata:00000000 $d
     /tmp/ccm1jtZ2.s:20     .rodata:00000000 .LC0
     /tmp/ccm1jtZ2.s:27     .text:00000000 $t
     /tmp/ccm1jtZ2.s:32     .text:00000000 max44009_init
     /tmp/ccm1jtZ2.s:114    .rodata:00000008 .LC1
     /tmp/ccm1jtZ2.s:126    .text:00000084 max44009_reset
     /tmp/ccm1jtZ2.s:203    .text:00000100 max44009_is_present
     /tmp/ccm1jtZ2.s:249    .text:00000138 max44009_read_light
     /tmp/ccm1jtZ2.s:328    .text:000001b8 max44009_convert_light
                     .debug_frame:00000010 $d
                           .group:00000000 wm4.1.e96eee74da26538b12ac9582e3798382
                           .group:00000000 wm4.newlib.h.8.a9901dc52d1357e3e94003403d43f8b5
                           .group:00000000 wm4.features.h.22.b72b3baab2bb2eab3661375590100b6b
                           .group:00000000 wm4.config.h.193.5fb8ef056cdff92dec3dee9552839d8c
                           .group:00000000 wm4._ansi.h.23.b5bb84d7ba97d82b5b1dc1826a7ae811
                           .group:00000000 wm4.stdint.h.20.54ad762faa59e3c05491630641c8d8bf
                           .group:00000000 wm4.i2c.h.15.8e849f5fcf39557ec3e120a857902900

UNDEFINED SYMBOLS
i2c_write_bytes
i2c_write_byte
i2c_read_byte
__aeabi_i2f
__aeabi_fmul
