   1              		.syntax unified
   2              		.cpu cortex-m3
   3              		.fpu softvfp
   4              		.eabi_attribute 20, 1
   5              		.eabi_attribute 21, 1
   6              		.eabi_attribute 23, 3
   7              		.eabi_attribute 24, 1
   8              		.eabi_attribute 25, 1
   9              		.eabi_attribute 26, 1
  10              		.eabi_attribute 30, 6
  11              		.eabi_attribute 34, 1
  12              		.eabi_attribute 18, 4
  13              		.thumb
  14              		.file	"otf.c"
  15              		.text
  16              	.Ltext0:
  17              		.cfi_sections	.debug_frame
  18              		.section	.rodata
  19              		.align	2
  22              	rreg_uriquery:
  23 0000 683D7563 		.ascii	"h=ucb\000"
  23      6200
  24 0006 0000     		.align	2
  27              	infoBoardname:
  28 0008 43433235 		.ascii	"CC2538\000"
  28      333800
  29 000f 00       		.align	2
  32              	infouCName:
  33 0010 43433235 		.ascii	"CC2538\000"
  33      333800
  34 0017 00       		.align	2
  37              	infoRadioName:
  38 0018 43433235 		.ascii	"CC2538 SoC\000"
  38      33382053 
  38      6F4300
  39 0023 00       		.align	2
  42              	infoStackName:
  43 0024 4F70656E 		.ascii	"OpenWSN \000"
  43      57534E20 
  43      00
  44 002d 000000   		.align	2
  47              	all_routers_multicast:
  48 0030 FF       		.byte	-1
  49 0031 02       		.byte	2
  50 0032 00       		.byte	0
  51 0033 00       		.byte	0
  52 0034 00       		.byte	0
  53 0035 00       		.byte	0
  54 0036 00       		.byte	0
  55 0037 00       		.byte	0
  56 0038 00       		.byte	0
  57 0039 00       		.byte	0
  58 003a 00       		.byte	0
  59 003b 00       		.byte	0
  60 003c 00       		.byte	0
  61 003d 00       		.byte	0
  62 003e 00       		.byte	0
  63 003f 02       		.byte	2
  64              		.text
  65              		.align	2
  66              		.global	otf_init
  67              		.thumb
  68              		.thumb_func
  70              	otf_init:
  71              	.LFB0:
  72              		.file 1 "openstack/02b-MAChigh/otf.c"
   1:openstack/02b-MAChigh/otf.c **** #include "opendefs.h"
   2:openstack/02b-MAChigh/otf.c **** #include "otf.h"
   3:openstack/02b-MAChigh/otf.c **** #include "neighbors.h"
   4:openstack/02b-MAChigh/otf.c **** #include "sixtop.h"
   5:openstack/02b-MAChigh/otf.c **** #include "scheduler.h"
   6:openstack/02b-MAChigh/otf.c **** 
   7:openstack/02b-MAChigh/otf.c **** //=========================== variables =======================================
   8:openstack/02b-MAChigh/otf.c **** 
   9:openstack/02b-MAChigh/otf.c **** //=========================== prototypes ======================================
  10:openstack/02b-MAChigh/otf.c **** 
  11:openstack/02b-MAChigh/otf.c **** void otf_addCell_task(void);
  12:openstack/02b-MAChigh/otf.c **** void otf_removeCell_task(void);
  13:openstack/02b-MAChigh/otf.c **** 
  14:openstack/02b-MAChigh/otf.c **** //=========================== public ==========================================
  15:openstack/02b-MAChigh/otf.c **** 
  16:openstack/02b-MAChigh/otf.c **** void otf_init(void) {
  73              		.loc 1 16 0
  74              		.cfi_startproc
  75              		@ args = 0, pretend = 0, frame = 0
  76              		@ frame_needed = 1, uses_anonymous_args = 0
  77              		@ link register save eliminated.
  78 0000 80B4     		push	{r7}
  79              	.LCFI0:
  80              		.cfi_def_cfa_offset 4
  81              		.cfi_offset 7, -4
  82 0002 00AF     		add	r7, sp, #0
  83              	.LCFI1:
  84              		.cfi_def_cfa_register 7
  17:openstack/02b-MAChigh/otf.c **** }
  85              		.loc 1 17 0
  86 0004 BD46     		mov	sp, r7
  87 0006 80BC     		pop	{r7}
  88 0008 7047     		bx	lr
  89              		.cfi_endproc
  90              	.LFE0:
  92 000a 00BF     		.align	2
  93              		.global	otf_notif_addedCell
  94              		.thumb
  95              		.thumb_func
  97              	otf_notif_addedCell:
  98              	.LFB1:
  18:openstack/02b-MAChigh/otf.c **** 
  19:openstack/02b-MAChigh/otf.c **** void otf_notif_addedCell(void) {
  99              		.loc 1 19 0
 100              		.cfi_startproc
 101              		@ args = 0, pretend = 0, frame = 0
 102              		@ frame_needed = 1, uses_anonymous_args = 0
 103 000c 80B5     		push	{r7, lr}
 104              	.LCFI2:
 105              		.cfi_def_cfa_offset 8
 106              		.cfi_offset 7, -8
 107              		.cfi_offset 14, -4
 108 000e 00AF     		add	r7, sp, #0
 109              	.LCFI3:
 110              		.cfi_def_cfa_register 7
  20:openstack/02b-MAChigh/otf.c ****    scheduler_push_task(otf_addCell_task,TASKPRIO_OTF);
 111              		.loc 1 20 0
 112 0010 40F20000 		movw	r0, #:lower16:otf_addCell_task
 113 0014 C0F20000 		movt	r0, #:upper16:otf_addCell_task
 114 0018 4FF00801 		mov	r1, #8
 115 001c FFF7FEFF 		bl	scheduler_push_task
  21:openstack/02b-MAChigh/otf.c **** }
 116              		.loc 1 21 0
 117 0020 80BD     		pop	{r7, pc}
 118              		.cfi_endproc
 119              	.LFE1:
 121 0022 00BF     		.align	2
 122              		.global	otf_notif_removedCell
 123              		.thumb
 124              		.thumb_func
 126              	otf_notif_removedCell:
 127              	.LFB2:
  22:openstack/02b-MAChigh/otf.c **** 
  23:openstack/02b-MAChigh/otf.c **** void otf_notif_removedCell(void) {
 128              		.loc 1 23 0
 129              		.cfi_startproc
 130              		@ args = 0, pretend = 0, frame = 0
 131              		@ frame_needed = 1, uses_anonymous_args = 0
 132 0024 80B5     		push	{r7, lr}
 133              	.LCFI4:
 134              		.cfi_def_cfa_offset 8
 135              		.cfi_offset 7, -8
 136              		.cfi_offset 14, -4
 137 0026 00AF     		add	r7, sp, #0
 138              	.LCFI5:
 139              		.cfi_def_cfa_register 7
  24:openstack/02b-MAChigh/otf.c ****    scheduler_push_task(otf_removeCell_task,TASKPRIO_OTF);
 140              		.loc 1 24 0
 141 0028 40F20000 		movw	r0, #:lower16:otf_removeCell_task
 142 002c C0F20000 		movt	r0, #:upper16:otf_removeCell_task
 143 0030 4FF00801 		mov	r1, #8
 144 0034 FFF7FEFF 		bl	scheduler_push_task
  25:openstack/02b-MAChigh/otf.c **** }
 145              		.loc 1 25 0
 146 0038 80BD     		pop	{r7, pc}
 147              		.cfi_endproc
 148              	.LFE2:
 150 003a 00BF     		.align	2
 151              		.global	otf_addCell_task
 152              		.thumb
 153              		.thumb_func
 155              	otf_addCell_task:
 156              	.LFB3:
  26:openstack/02b-MAChigh/otf.c **** 
  27:openstack/02b-MAChigh/otf.c **** //=========================== private =========================================
  28:openstack/02b-MAChigh/otf.c **** 
  29:openstack/02b-MAChigh/otf.c **** void otf_addCell_task(void) {
 157              		.loc 1 29 0
 158              		.cfi_startproc
 159              		@ args = 0, pretend = 0, frame = 24
 160              		@ frame_needed = 1, uses_anonymous_args = 0
 161 003c 80B5     		push	{r7, lr}
 162              	.LCFI6:
 163              		.cfi_def_cfa_offset 8
 164              		.cfi_offset 7, -8
 165              		.cfi_offset 14, -4
 166 003e 86B0     		sub	sp, sp, #24
 167              	.LCFI7:
 168              		.cfi_def_cfa_offset 32
 169 0040 00AF     		add	r7, sp, #0
 170              	.LCFI8:
 171              		.cfi_def_cfa_register 7
  30:openstack/02b-MAChigh/otf.c ****    open_addr_t          neighbor;
  31:openstack/02b-MAChigh/otf.c ****    bool                 foundNeighbor;
  32:openstack/02b-MAChigh/otf.c ****    
  33:openstack/02b-MAChigh/otf.c ****    // get preferred parent
  34:openstack/02b-MAChigh/otf.c ****    foundNeighbor = neighbors_getPreferredParentEui64(&neighbor);
 172              		.loc 1 34 0
 173 0042 07F10403 		add	r3, r7, #4
 174 0046 1846     		mov	r0, r3
 175 0048 FFF7FEFF 		bl	neighbors_getPreferredParentEui64
 176 004c 0346     		mov	r3, r0
 177 004e FB75     		strb	r3, [r7, #23]
  35:openstack/02b-MAChigh/otf.c ****    if (foundNeighbor==FALSE) {
 178              		.loc 1 35 0
 179 0050 FB7D     		ldrb	r3, [r7, #23]
 180 0052 83F00103 		eor	r3, r3, #1
 181 0056 DBB2     		uxtb	r3, r3
 182 0058 002B     		cmp	r3, #0
 183 005a 06D1     		bne	.L4
  36:openstack/02b-MAChigh/otf.c ****       return;
  37:openstack/02b-MAChigh/otf.c ****    }
  38:openstack/02b-MAChigh/otf.c ****    
  39:openstack/02b-MAChigh/otf.c ****    // call sixtop
  40:openstack/02b-MAChigh/otf.c ****    sixtop_addCells(
 184              		.loc 1 40 0
 185 005c 07F10403 		add	r3, r7, #4
 186 0060 1846     		mov	r0, r3
 187 0062 4FF00101 		mov	r1, #1
 188 0066 FFF7FEFF 		bl	sixtop_addCells
 189              	.L4:
  41:openstack/02b-MAChigh/otf.c ****       &neighbor,
  42:openstack/02b-MAChigh/otf.c ****       1
  43:openstack/02b-MAChigh/otf.c ****    );
  44:openstack/02b-MAChigh/otf.c **** }
 190              		.loc 1 44 0
 191 006a 07F11807 		add	r7, r7, #24
 192 006e BD46     		mov	sp, r7
 193 0070 80BD     		pop	{r7, pc}
 194              		.cfi_endproc
 195              	.LFE3:
 197 0072 00BF     		.align	2
 198              		.global	otf_removeCell_task
 199              		.thumb
 200              		.thumb_func
 202              	otf_removeCell_task:
 203              	.LFB4:
  45:openstack/02b-MAChigh/otf.c **** 
  46:openstack/02b-MAChigh/otf.c **** void otf_removeCell_task(void) {
 204              		.loc 1 46 0
 205              		.cfi_startproc
 206              		@ args = 0, pretend = 0, frame = 24
 207              		@ frame_needed = 1, uses_anonymous_args = 0
 208 0074 80B5     		push	{r7, lr}
 209              	.LCFI9:
 210              		.cfi_def_cfa_offset 8
 211              		.cfi_offset 7, -8
 212              		.cfi_offset 14, -4
 213 0076 86B0     		sub	sp, sp, #24
 214              	.LCFI10:
 215              		.cfi_def_cfa_offset 32
 216 0078 00AF     		add	r7, sp, #0
 217              	.LCFI11:
 218              		.cfi_def_cfa_register 7
  47:openstack/02b-MAChigh/otf.c ****    open_addr_t          neighbor;
  48:openstack/02b-MAChigh/otf.c ****    bool                 foundNeighbor;
  49:openstack/02b-MAChigh/otf.c ****    
  50:openstack/02b-MAChigh/otf.c ****    // get preferred parent
  51:openstack/02b-MAChigh/otf.c ****    foundNeighbor = neighbors_getPreferredParentEui64(&neighbor);
 219              		.loc 1 51 0
 220 007a 07F10403 		add	r3, r7, #4
 221 007e 1846     		mov	r0, r3
 222 0080 FFF7FEFF 		bl	neighbors_getPreferredParentEui64
 223 0084 0346     		mov	r3, r0
 224 0086 FB75     		strb	r3, [r7, #23]
  52:openstack/02b-MAChigh/otf.c ****    if (foundNeighbor==FALSE) {
 225              		.loc 1 52 0
 226 0088 FB7D     		ldrb	r3, [r7, #23]
 227 008a 83F00103 		eor	r3, r3, #1
 228 008e DBB2     		uxtb	r3, r3
 229 0090 002B     		cmp	r3, #0
 230 0092 04D1     		bne	.L7
  53:openstack/02b-MAChigh/otf.c ****       return;
  54:openstack/02b-MAChigh/otf.c ****    }
  55:openstack/02b-MAChigh/otf.c ****    
  56:openstack/02b-MAChigh/otf.c ****    // call sixtop
  57:openstack/02b-MAChigh/otf.c ****    sixtop_removeCell(
 231              		.loc 1 57 0
 232 0094 07F10403 		add	r3, r7, #4
 233 0098 1846     		mov	r0, r3
 234 009a FFF7FEFF 		bl	sixtop_removeCell
 235              	.L7:
  58:openstack/02b-MAChigh/otf.c ****       &neighbor
  59:openstack/02b-MAChigh/otf.c ****    );
  60:openstack/02b-MAChigh/otf.c **** }...
 236              		.loc 1 60 0
 237 009e 07F11807 		add	r7, r7, #24
 238 00a2 BD46     		mov	sp, r7
 239 00a4 80BD     		pop	{r7, pc}
 240              		.cfi_endproc
 241              	.LFE4:
 243              	.Letext0:
 244              		.file 2 "inc/opendefs.h"
 245              		.file 3 "/opt/gcc-arm-none-eabi-4_7-2013q3/bin/../lib/gcc/arm-none-eabi/4.7.4/../../../../arm-none
 246              		.file 4 "bsp/boards/OpenMote-CC2538/board_info.h"
 247              		.file 5 "openstack/03b-IPv6/icmpv6rpl.h"
 248              		.file 6 "kernel/scheduler.h"
DEFINED SYMBOLS
                            *ABS*:00000000 otf.c
     /tmp/ccyt2PGO.s:19     .rodata:00000000 $d
     /tmp/ccyt2PGO.s:22     .rodata:00000000 rreg_uriquery
     /tmp/ccyt2PGO.s:27     .rodata:00000008 infoBoardname
     /tmp/ccyt2PGO.s:32     .rodata:00000010 infouCName
     /tmp/ccyt2PGO.s:37     .rodata:00000018 infoRadioName
     /tmp/ccyt2PGO.s:42     .rodata:00000024 infoStackName
     /tmp/ccyt2PGO.s:47     .rodata:00000030 all_routers_multicast
     /tmp/ccyt2PGO.s:65     .text:00000000 $t
     /tmp/ccyt2PGO.s:70     .text:00000000 otf_init
     /tmp/ccyt2PGO.s:97     .text:0000000c otf_notif_addedCell
     /tmp/ccyt2PGO.s:155    .text:0000003c otf_addCell_task
     /tmp/ccyt2PGO.s:126    .text:00000024 otf_notif_removedCell
     /tmp/ccyt2PGO.s:202    .text:00000074 otf_removeCell_task
                     .debug_frame:00000010 $d
                           .group:00000000 wm4.1.e96eee74da26538b12ac9582e3798382
                           .group:00000000 wm4.newlib.h.8.a9901dc52d1357e3e94003403d43f8b5
                           .group:00000000 wm4.features.h.22.b72b3baab2bb2eab3661375590100b6b
                           .group:00000000 wm4.config.h.193.5fb8ef056cdff92dec3dee9552839d8c
                           .group:00000000 wm4._ansi.h.23.b5bb84d7ba97d82b5b1dc1826a7ae811
                           .group:00000000 wm4.stdint.h.20.54ad762faa59e3c05491630641c8d8bf
                           .group:00000000 wm4.toolchain_defs.h.2.e4ebbe6e0a48032a9b79077dc42e1ffd
                           .group:00000000 wm4._default_types.h.6.5e12cd604db8ce00b62bb2f02708eaf3
                           .group:00000000 wm4.lock.h.2.9bc98482741e5e2a9450b12934a684ea
                           .group:00000000 wm4.stddef.h.349.31f4c5baff3fa2689010b32028da9c47
                           .group:00000000 wm4.reent.h.16.9e42f0e588b85e70b2bf6572af57ce64
                           .group:00000000 wm4.stddef.h.187.9e651b6b8b16e149c1353259404973ea
                           .group:00000000 wm4.string.h.17.f8d12df81104836a3f2a5d589ae830d8
                           .group:00000000 wm4.stdbool.h.29.1c9ee6859ce8145f7838a4f2549ccec2
                           .group:00000000 wm4.hw_types.h.67.b10589a0806dcc2d274d6fab6b736519
                           .group:00000000 wm4.interrupt.h.41.272fc4ec0e276feb439e7974d0f77eaf
                           .group:00000000 wm4.board_info.h.21.847e72606a2fc49b1c228f268b8a62aa
                           .group:00000000 wm4.opendefs.h.19.05852eb648ac65e48c7817e5cbf03346
                           .group:00000000 wm4.opentimers.h.8.044f2d040a134cdb0ddb58adfc2508be
                           .group:00000000 wm4.icmpv6rpl.h.15.89c5061c19a4811537f699fd2b74755c
                           .group:00000000 wm4.neighbors.h.15.9f35f180a0332d1bc442efb0ec51905c
                           .group:00000000 wm4.sixtop.h.2.0b8613e8e48e9109b53e6143f3ed1895
                           .group:00000000 wm4.scheduler.h.2.ca320b72942c5204a6e225e3c9c0814e

UNDEFINED SYMBOLS
scheduler_push_task
neighbors_getPreferredParentEui64
sixtop_addCells
sixtop_removeCell
