   1              		.syntax unified
   2              		.cpu cortex-m3
   3              		.fpu softvfp
   4              		.eabi_attribute 20, 1
   5              		.eabi_attribute 21, 1
   6              		.eabi_attribute 23, 3
   7              		.eabi_attribute 24, 1
   8              		.eabi_attribute 25, 1
   9              		.eabi_attribute 26, 1
  10              		.eabi_attribute 30, 6
  11              		.eabi_attribute 34, 1
  12              		.eabi_attribute 18, 4
  13              		.thumb
  14              		.file	"openapps_dyn.c"
  15              		.text
  16              	.Ltext0:
  17              		.cfi_sections	.debug_frame
  18              		.section	.rodata
  19              		.align	2
  22              	rreg_uriquery:
  23 0000 683D7563 		.ascii	"h=ucb\000"
  23      6200
  24 0006 0000     		.align	2
  27              	infoBoardname:
  28 0008 43433235 		.ascii	"CC2538\000"
  28      333800
  29 000f 00       		.align	2
  32              	infouCName:
  33 0010 43433235 		.ascii	"CC2538\000"
  33      333800
  34 0017 00       		.align	2
  37              	infoRadioName:
  38 0018 43433235 		.ascii	"CC2538 SoC\000"
  38      33382053 
  38      6F4300
  39 0023 00       		.align	2
  42              	infoStackName:
  43 0024 4F70656E 		.ascii	"OpenWSN \000"
  43      57534E20 
  43      00
  44 002d 000000   		.align	2
  47              	ipAddr_ipsoRD:
  48 0030 26       		.byte	38
  49 0031 07       		.byte	7
  50 0032 F7       		.byte	-9
  51 0033 40       		.byte	64
  52 0034 00       		.byte	0
  53 0035 00       		.byte	0
  54 0036 00       		.byte	0
  55 0037 3F       		.byte	63
  56 0038 00       		.byte	0
  57 0039 00       		.byte	0
  58 003a 00       		.byte	0
  59 003b 00       		.byte	0
  60 003c 00       		.byte	0
  61 003d 00       		.byte	0
  62 003e 0E       		.byte	14
  63 003f 29       		.byte	41
  64              		.align	2
  67              	ipAddr_motesEecs:
  68 0040 20       		.byte	32
  69 0041 01       		.byte	1
  70 0042 04       		.byte	4
  71 0043 70       		.byte	112
  72 0044 00       		.byte	0
  73 0045 66       		.byte	102
  74 0046 00       		.byte	0
  75 0047 19       		.byte	25
  76 0048 00       		.byte	0
  77 0049 00       		.byte	0
  78 004a 00       		.byte	0
  79 004b 00       		.byte	0
  80 004c 00       		.byte	0
  81 004d 00       		.byte	0
  82 004e 00       		.byte	0
  83 004f 02       		.byte	2
  84              		.align	2
  87              	ipAddr_local:
  88 0050 26       		.byte	38
  89 0051 07       		.byte	7
  90 0052 F1       		.byte	-15
  91 0053 40       		.byte	64
  92 0054 04       		.byte	4
  93 0055 00       		.byte	0
  94 0056 10       		.byte	16
  95 0057 36       		.byte	54
  96 0058 4D       		.byte	77
  97 0059 CD       		.byte	-51
  98 005a AB       		.byte	-85
  99 005b 54       		.byte	84
 100 005c 81       		.byte	-127
 101 005d 99       		.byte	-103
 102 005e C1       		.byte	-63
 103 005f F7       		.byte	-9
 104              		.align	2
 107              	ipAddr_motedata:
 108 0060 20       		.byte	32
 109 0061 01       		.byte	1
 110 0062 04       		.byte	4
 111 0063 70       		.byte	112
 112 0064 00       		.byte	0
 113 0065 66       		.byte	102
 114 0066 00       		.byte	0
 115 0067 17       		.byte	23
 116 0068 00       		.byte	0
 117 0069 00       		.byte	0
 118 006a 00       		.byte	0
 119 006b 00       		.byte	0
 120 006c 00       		.byte	0
 121 006d 00       		.byte	0
 122 006e 00       		.byte	0
 123 006f 02       		.byte	2
 124              		.text
 125              		.align	2
 126              		.global	openapps_init
 127              		.thumb
 128              		.thumb_func
 130              	openapps_init:
 131              	.LFB0:
 132              		.file 1 "build/OpenMote-CC2538_armgcc/openapps/openapps_dyn.c"
   1:build/OpenMote-CC2538_armgcc/openapps/openapps_dyn.c **** 
   2:build/OpenMote-CC2538_armgcc/openapps/openapps_dyn.c ****     #include "opendefs.h"
   3:build/OpenMote-CC2538_armgcc/openapps/openapps_dyn.c ****     #include "c6t.h"
   4:build/OpenMote-CC2538_armgcc/openapps/openapps_dyn.c **** #include "cinfo.h"
   5:build/OpenMote-CC2538_armgcc/openapps/openapps_dyn.c **** #include "cleds.h"
   6:build/OpenMote-CC2538_armgcc/openapps/openapps_dyn.c **** #include "cwellknown.h"
   7:build/OpenMote-CC2538_armgcc/openapps/openapps_dyn.c **** #include "techo.h"
   8:build/OpenMote-CC2538_armgcc/openapps/openapps_dyn.c **** #include "uecho.h"
   9:build/OpenMote-CC2538_armgcc/openapps/openapps_dyn.c **** 
  10:build/OpenMote-CC2538_armgcc/openapps/openapps_dyn.c ****     void openapps_init(void) {
 133              		.loc 1 10 0
 134              		.cfi_startproc
 135              		@ args = 0, pretend = 0, frame = 0
 136              		@ frame_needed = 1, uses_anonymous_args = 0
 137 0000 80B5     		push	{r7, lr}
 138              	.LCFI0:
 139              		.cfi_def_cfa_offset 8
 140              		.cfi_offset 7, -8
 141              		.cfi_offset 14, -4
 142 0002 00AF     		add	r7, sp, #0
 143              	.LCFI1:
 144              		.cfi_def_cfa_register 7
  11:build/OpenMote-CC2538_armgcc/openapps/openapps_dyn.c ****        c6t_init();
 145              		.loc 1 11 0
 146 0004 FFF7FEFF 		bl	c6t_init
  12:build/OpenMote-CC2538_armgcc/openapps/openapps_dyn.c ****    cinfo_init();
 147              		.loc 1 12 0
 148 0008 FFF7FEFF 		bl	cinfo_init
  13:build/OpenMote-CC2538_armgcc/openapps/openapps_dyn.c ****    cleds__init();
 149              		.loc 1 13 0
 150 000c FFF7FEFF 		bl	cleds__init
  14:build/OpenMote-CC2538_armgcc/openapps/openapps_dyn.c ****    cwellknown_init();
 151              		.loc 1 14 0
 152 0010 FFF7FEFF 		bl	cwellknown_init
  15:build/OpenMote-CC2538_armgcc/openapps/openapps_dyn.c ****    techo_init();
 153              		.loc 1 15 0
 154 0014 FFF7FEFF 		bl	techo_init
  16:build/OpenMote-CC2538_armgcc/openapps/openapps_dyn.c ****    uecho_init();
 155              		.loc 1 16 0
 156 0018 FFF7FEFF 		bl	uecho_init
  17:build/OpenMote-CC2538_armgcc/openapps/openapps_dyn.c ****     }
 157              		.loc 1 17 0
 158 001c 80BD     		pop	{r7, pc}
 159              		.cfi_endproc
 160              	.LFE0:
 162              	.Letext0:
 163              		.file 2 "bsp/boards/OpenMote-CC2538/board_info.h"
 164              		.file 3 "inc/opendefs.h"
 165              		.file 4 "openstack/04-TRAN/opencoap.h"
 166              		.file 5 "/opt/gcc-arm-none-eabi-4_7-2013q3/bin/../lib/gcc/arm-none-eabi/4.7.4/../../../../arm-none
DEFINED SYMBOLS
                            *ABS*:00000000 openapps_dyn.c
     /tmp/cco7GK3o.s:19     .rodata:00000000 $d
     /tmp/cco7GK3o.s:22     .rodata:00000000 rreg_uriquery
     /tmp/cco7GK3o.s:27     .rodata:00000008 infoBoardname
     /tmp/cco7GK3o.s:32     .rodata:00000010 infouCName
     /tmp/cco7GK3o.s:37     .rodata:00000018 infoRadioName
     /tmp/cco7GK3o.s:42     .rodata:00000024 infoStackName
     /tmp/cco7GK3o.s:47     .rodata:00000030 ipAddr_ipsoRD
     /tmp/cco7GK3o.s:67     .rodata:00000040 ipAddr_motesEecs
     /tmp/cco7GK3o.s:87     .rodata:00000050 ipAddr_local
     /tmp/cco7GK3o.s:107    .rodata:00000060 ipAddr_motedata
     /tmp/cco7GK3o.s:125    .text:00000000 $t
     /tmp/cco7GK3o.s:130    .text:00000000 openapps_init
                     .debug_frame:00000010 $d
                           .group:00000000 wm4.1.e96eee74da26538b12ac9582e3798382
                           .group:00000000 wm4.newlib.h.8.a9901dc52d1357e3e94003403d43f8b5
                           .group:00000000 wm4.features.h.22.b72b3baab2bb2eab3661375590100b6b
                           .group:00000000 wm4.config.h.193.5fb8ef056cdff92dec3dee9552839d8c
                           .group:00000000 wm4._ansi.h.23.b5bb84d7ba97d82b5b1dc1826a7ae811
                           .group:00000000 wm4.stdint.h.20.54ad762faa59e3c05491630641c8d8bf
                           .group:00000000 wm4.toolchain_defs.h.2.e4ebbe6e0a48032a9b79077dc42e1ffd
                           .group:00000000 wm4._default_types.h.6.5e12cd604db8ce00b62bb2f02708eaf3
                           .group:00000000 wm4.lock.h.2.9bc98482741e5e2a9450b12934a684ea
                           .group:00000000 wm4.stddef.h.349.31f4c5baff3fa2689010b32028da9c47
                           .group:00000000 wm4.reent.h.16.9e42f0e588b85e70b2bf6572af57ce64
                           .group:00000000 wm4.stddef.h.187.9e651b6b8b16e149c1353259404973ea
                           .group:00000000 wm4.string.h.17.f8d12df81104836a3f2a5d589ae830d8
                           .group:00000000 wm4.stdbool.h.29.1c9ee6859ce8145f7838a4f2549ccec2
                           .group:00000000 wm4.hw_types.h.67.b10589a0806dcc2d274d6fab6b736519
                           .group:00000000 wm4.interrupt.h.41.272fc4ec0e276feb439e7974d0f77eaf
                           .group:00000000 wm4.board_info.h.21.2f0cbb5ab4c556c54c487f727dca8532
                           .group:00000000 wm4.opendefs.h.19.05852eb648ac65e48c7817e5cbf03346
                           .group:00000000 wm4.opentimers.h.8.044f2d040a134cdb0ddb58adfc2508be
                           .group:00000000 wm4.opencoap.h.27.763f8732d8ba6438951ce1c4409e9b68
                           .group:00000000 wm4.schedule.h.2.74f699399ee9cbf3b59178f1204d8511

UNDEFINED SYMBOLS
c6t_init
cinfo_init
cleds__init
cwellknown_init
techo_init
uecho_init
