   1              		.syntax unified
   2              		.cpu cortex-m3
   3              		.fpu softvfp
   4              		.eabi_attribute 20, 1
   5              		.eabi_attribute 21, 1
   6              		.eabi_attribute 23, 3
   7              		.eabi_attribute 24, 1
   8              		.eabi_attribute 25, 1
   9              		.eabi_attribute 26, 1
  10              		.eabi_attribute 30, 6
  11              		.eabi_attribute 34, 1
  12              		.eabi_attribute 18, 4
  13              		.thumb
  14              		.file	"cwellknown.c"
  15              		.text
  16              	.Ltext0:
  17              		.cfi_sections	.debug_frame
  18              		.section	.rodata
  19              		.align	2
  22              	rreg_uriquery:
  23 0000 683D7563 		.ascii	"h=ucb\000"
  23      6200
  24 0006 0000     		.align	2
  27              	infoBoardname:
  28 0008 43433235 		.ascii	"CC2538\000"
  28      333800
  29 000f 00       		.align	2
  32              	infouCName:
  33 0010 43433235 		.ascii	"CC2538\000"
  33      333800
  34 0017 00       		.align	2
  37              	infoRadioName:
  38 0018 43433235 		.ascii	"CC2538 SoC\000"
  38      33382053 
  38      6F4300
  39 0023 00       		.align	2
  42              	infoStackName:
  43 0024 4F70656E 		.ascii	"OpenWSN \000"
  43      57534E20 
  43      00
  44 002d 000000   		.align	2
  47              	ipAddr_ipsoRD:
  48 0030 26       		.byte	38
  49 0031 07       		.byte	7
  50 0032 F7       		.byte	-9
  51 0033 40       		.byte	64
  52 0034 00       		.byte	0
  53 0035 00       		.byte	0
  54 0036 00       		.byte	0
  55 0037 3F       		.byte	63
  56 0038 00       		.byte	0
  57 0039 00       		.byte	0
  58 003a 00       		.byte	0
  59 003b 00       		.byte	0
  60 003c 00       		.byte	0
  61 003d 00       		.byte	0
  62 003e 0E       		.byte	14
  63 003f 29       		.byte	41
  64              		.align	2
  67              	ipAddr_motesEecs:
  68 0040 20       		.byte	32
  69 0041 01       		.byte	1
  70 0042 04       		.byte	4
  71 0043 70       		.byte	112
  72 0044 00       		.byte	0
  73 0045 66       		.byte	102
  74 0046 00       		.byte	0
  75 0047 19       		.byte	25
  76 0048 00       		.byte	0
  77 0049 00       		.byte	0
  78 004a 00       		.byte	0
  79 004b 00       		.byte	0
  80 004c 00       		.byte	0
  81 004d 00       		.byte	0
  82 004e 00       		.byte	0
  83 004f 02       		.byte	2
  84              		.align	2
  87              	ipAddr_local:
  88 0050 26       		.byte	38
  89 0051 07       		.byte	7
  90 0052 F1       		.byte	-15
  91 0053 40       		.byte	64
  92 0054 04       		.byte	4
  93 0055 00       		.byte	0
  94 0056 10       		.byte	16
  95 0057 36       		.byte	54
  96 0058 4D       		.byte	77
  97 0059 CD       		.byte	-51
  98 005a AB       		.byte	-85
  99 005b 54       		.byte	84
 100 005c 81       		.byte	-127
 101 005d 99       		.byte	-103
 102 005e C1       		.byte	-63
 103 005f F7       		.byte	-9
 104              		.align	2
 107              	ipAddr_motedata:
 108 0060 20       		.byte	32
 109 0061 01       		.byte	1
 110 0062 04       		.byte	4
 111 0063 70       		.byte	112
 112 0064 00       		.byte	0
 113 0065 66       		.byte	102
 114 0066 00       		.byte	0
 115 0067 17       		.byte	23
 116 0068 00       		.byte	0
 117 0069 00       		.byte	0
 118 006a 00       		.byte	0
 119 006b 00       		.byte	0
 120 006c 00       		.byte	0
 121 006d 00       		.byte	0
 122 006e 00       		.byte	0
 123 006f 02       		.byte	2
 124              		.comm	cwellknown_vars,36,4
 125              		.global	cwellknown_path0
 126              		.align	2
 129              	cwellknown_path0:
 130 0070 2E77656C 		.ascii	".well-known\000"
 130      6C2D6B6E 
 130      6F776E00 
 131              		.global	cwellknown_path1
 132              		.align	2
 135              	cwellknown_path1:
 136 007c 636F7265 		.ascii	"core\000"
 136      00
 137 0081 000000   		.text
 138              		.align	2
 139              		.global	cwellknown_init
 140              		.thumb
 141              		.thumb_func
 143              	cwellknown_init:
 144              	.LFB0:
 145              		.file 1 "openapps/cwellknown/cwellknown.c"
   1:openapps/cwellknown/cwellknown.c **** #include "opendefs.h"
   2:openapps/cwellknown/cwellknown.c **** #include "cwellknown.h"
   3:openapps/cwellknown/cwellknown.c **** #include "opencoap.h"
   4:openapps/cwellknown/cwellknown.c **** #include "openqueue.h"
   5:openapps/cwellknown/cwellknown.c **** #include "packetfunctions.h"
   6:openapps/cwellknown/cwellknown.c **** #include "openserial.h"
   7:openapps/cwellknown/cwellknown.c **** #include "idmanager.h"
   8:openapps/cwellknown/cwellknown.c **** 
   9:openapps/cwellknown/cwellknown.c **** //=========================== variables =======================================
  10:openapps/cwellknown/cwellknown.c **** 
  11:openapps/cwellknown/cwellknown.c **** cwellknown_vars_t cwellknown_vars;
  12:openapps/cwellknown/cwellknown.c **** 
  13:openapps/cwellknown/cwellknown.c **** const uint8_t cwellknown_path0[]       = ".well-known";
  14:openapps/cwellknown/cwellknown.c **** const uint8_t cwellknown_path1[]       = "core";
  15:openapps/cwellknown/cwellknown.c **** 
  16:openapps/cwellknown/cwellknown.c **** //=========================== prototypes ======================================
  17:openapps/cwellknown/cwellknown.c **** 
  18:openapps/cwellknown/cwellknown.c **** owerror_t cwellknown_receive(
  19:openapps/cwellknown/cwellknown.c ****    OpenQueueEntry_t* msg,
  20:openapps/cwellknown/cwellknown.c ****    coap_header_iht*  coap_header,
  21:openapps/cwellknown/cwellknown.c ****    coap_option_iht*  coap_options
  22:openapps/cwellknown/cwellknown.c **** );
  23:openapps/cwellknown/cwellknown.c **** 
  24:openapps/cwellknown/cwellknown.c **** void    cwellknown_sendDone(
  25:openapps/cwellknown/cwellknown.c ****    OpenQueueEntry_t* msg,
  26:openapps/cwellknown/cwellknown.c ****    owerror_t         error
  27:openapps/cwellknown/cwellknown.c **** );
  28:openapps/cwellknown/cwellknown.c **** 
  29:openapps/cwellknown/cwellknown.c **** //=========================== public ==========================================
  30:openapps/cwellknown/cwellknown.c **** 
  31:openapps/cwellknown/cwellknown.c **** void cwellknown_init() {
 146              		.loc 1 31 0
 147              		.cfi_startproc
 148              		@ args = 0, pretend = 0, frame = 0
 149              		@ frame_needed = 1, uses_anonymous_args = 0
 150 0000 80B5     		push	{r7, lr}
 151              	.LCFI0:
 152              		.cfi_def_cfa_offset 8
 153              		.cfi_offset 7, -8
 154              		.cfi_offset 14, -4
 155 0002 00AF     		add	r7, sp, #0
 156              	.LCFI1:
 157              		.cfi_def_cfa_register 7
  32:openapps/cwellknown/cwellknown.c ****    if(idmanager_getIsDAGroot()==TRUE) return; 
 158              		.loc 1 32 0
 159 0004 FFF7FEFF 		bl	idmanager_getIsDAGroot
 160 0008 0346     		mov	r3, r0
 161 000a 002B     		cmp	r3, #0
 162 000c 3FD1     		bne	.L4
 163              	.L2:
  33:openapps/cwellknown/cwellknown.c ****    
  34:openapps/cwellknown/cwellknown.c ****    // prepare the resource descriptor for the /.well-known/core path
  35:openapps/cwellknown/cwellknown.c ****    cwellknown_vars.desc.path0len            = sizeof(cwellknown_path0)-1;
 164              		.loc 1 35 0
 165 000e 40F20003 		movw	r3, #:lower16:cwellknown_vars
 166 0012 C0F20003 		movt	r3, #:upper16:cwellknown_vars
 167 0016 4FF00B02 		mov	r2, #11
 168 001a 1A70     		strb	r2, [r3, #0]
  36:openapps/cwellknown/cwellknown.c ****    cwellknown_vars.desc.path0val            = (uint8_t*)(&cwellknown_path0);
 169              		.loc 1 36 0
 170 001c 40F20003 		movw	r3, #:lower16:cwellknown_vars
 171 0020 C0F20003 		movt	r3, #:upper16:cwellknown_vars
 172 0024 40F20002 		movw	r2, #:lower16:cwellknown_path0
 173 0028 C0F20002 		movt	r2, #:upper16:cwellknown_path0
 174 002c 5A60     		str	r2, [r3, #4]
  37:openapps/cwellknown/cwellknown.c ****    cwellknown_vars.desc.path1len            = sizeof(cwellknown_path1)-1;
 175              		.loc 1 37 0
 176 002e 40F20003 		movw	r3, #:lower16:cwellknown_vars
 177 0032 C0F20003 		movt	r3, #:upper16:cwellknown_vars
 178 0036 4FF00402 		mov	r2, #4
 179 003a 1A72     		strb	r2, [r3, #8]
  38:openapps/cwellknown/cwellknown.c ****    cwellknown_vars.desc.path1val            = (uint8_t*)(&cwellknown_path1);
 180              		.loc 1 38 0
 181 003c 40F20003 		movw	r3, #:lower16:cwellknown_vars
 182 0040 C0F20003 		movt	r3, #:upper16:cwellknown_vars
 183 0044 40F20002 		movw	r2, #:lower16:cwellknown_path1
 184 0048 C0F20002 		movt	r2, #:upper16:cwellknown_path1
 185 004c DA60     		str	r2, [r3, #12]
  39:openapps/cwellknown/cwellknown.c ****    cwellknown_vars.desc.componentID         = COMPONENT_CWELLKNOWN;
 186              		.loc 1 39 0
 187 004e 40F20003 		movw	r3, #:lower16:cwellknown_vars
 188 0052 C0F20003 		movt	r3, #:upper16:cwellknown_vars
 189 0056 4FF01F02 		mov	r2, #31
 190 005a 1A74     		strb	r2, [r3, #16]
  40:openapps/cwellknown/cwellknown.c ****    cwellknown_vars.desc.callbackRx          = &cwellknown_receive;
 191              		.loc 1 40 0
 192 005c 40F20003 		movw	r3, #:lower16:cwellknown_vars
 193 0060 C0F20003 		movt	r3, #:upper16:cwellknown_vars
 194 0064 40F20002 		movw	r2, #:lower16:cwellknown_receive
 195 0068 C0F20002 		movt	r2, #:upper16:cwellknown_receive
 196 006c 9A61     		str	r2, [r3, #24]
  41:openapps/cwellknown/cwellknown.c ****    cwellknown_vars.desc.callbackSendDone    = &cwellknown_sendDone;
 197              		.loc 1 41 0
 198 006e 40F20003 		movw	r3, #:lower16:cwellknown_vars
 199 0072 C0F20003 		movt	r3, #:upper16:cwellknown_vars
 200 0076 40F20002 		movw	r2, #:lower16:cwellknown_sendDone
 201 007a C0F20002 		movt	r2, #:upper16:cwellknown_sendDone
 202 007e DA61     		str	r2, [r3, #28]
  42:openapps/cwellknown/cwellknown.c ****    
  43:openapps/cwellknown/cwellknown.c ****    opencoap_register(&cwellknown_vars.desc);
 203              		.loc 1 43 0
 204 0080 40F20000 		movw	r0, #:lower16:cwellknown_vars
 205 0084 C0F20000 		movt	r0, #:upper16:cwellknown_vars
 206 0088 FFF7FEFF 		bl	opencoap_register
 207 008c 00E0     		b	.L1
 208              	.L4:
  32:openapps/cwellknown/cwellknown.c ****    if(idmanager_getIsDAGroot()==TRUE) return; 
 209              		.loc 1 32 0
 210 008e 00BF     		nop
 211              	.L1:
  44:openapps/cwellknown/cwellknown.c **** }
 212              		.loc 1 44 0
 213 0090 80BD     		pop	{r7, pc}
 214              		.cfi_endproc
 215              	.LFE0:
 217 0092 00BF     		.align	2
 218              		.global	cwellknown_receive
 219              		.thumb
 220              		.thumb_func
 222              	cwellknown_receive:
 223              	.LFB1:
  45:openapps/cwellknown/cwellknown.c **** 
  46:openapps/cwellknown/cwellknown.c **** //=========================== private =========================================
  47:openapps/cwellknown/cwellknown.c **** 
  48:openapps/cwellknown/cwellknown.c **** owerror_t cwellknown_receive(
  49:openapps/cwellknown/cwellknown.c ****       OpenQueueEntry_t* msg,
  50:openapps/cwellknown/cwellknown.c ****       coap_header_iht*  coap_header,
  51:openapps/cwellknown/cwellknown.c ****       coap_option_iht*  coap_options
  52:openapps/cwellknown/cwellknown.c ****    ) {
 224              		.loc 1 52 0
 225              		.cfi_startproc
 226              		@ args = 0, pretend = 0, frame = 24
 227              		@ frame_needed = 1, uses_anonymous_args = 0
 228 0094 80B5     		push	{r7, lr}
 229              	.LCFI2:
 230              		.cfi_def_cfa_offset 8
 231              		.cfi_offset 7, -8
 232              		.cfi_offset 14, -4
 233 0096 86B0     		sub	sp, sp, #24
 234              	.LCFI3:
 235              		.cfi_def_cfa_offset 32
 236 0098 00AF     		add	r7, sp, #0
 237              	.LCFI4:
 238              		.cfi_def_cfa_register 7
 239 009a F860     		str	r0, [r7, #12]
 240 009c B960     		str	r1, [r7, #8]
 241 009e 7A60     		str	r2, [r7, #4]
  53:openapps/cwellknown/cwellknown.c ****    owerror_t outcome;
  54:openapps/cwellknown/cwellknown.c ****    
  55:openapps/cwellknown/cwellknown.c ****    switch(coap_header->Code) {
 242              		.loc 1 55 0
 243 00a0 BB68     		ldr	r3, [r7, #8]
 244 00a2 DB78     		ldrb	r3, [r3, #3]	@ zero_extendqisi2
 245 00a4 012B     		cmp	r3, #1
 246 00a6 2ED1     		bne	.L10
 247              	.L7:
  56:openapps/cwellknown/cwellknown.c ****       case COAP_CODE_REQ_GET:
  57:openapps/cwellknown/cwellknown.c ****          // reset packet payload
  58:openapps/cwellknown/cwellknown.c ****          msg->payload        = &(msg->packet[127]);
 248              		.loc 1 58 0
 249 00a8 FB68     		ldr	r3, [r7, #12]
 250 00aa 03F1EA02 		add	r2, r3, #234
 251 00ae FB68     		ldr	r3, [r7, #12]
 252 00b0 5A60     		str	r2, [r3, #4]
  59:openapps/cwellknown/cwellknown.c ****          msg->length         = 0;
 253              		.loc 1 59 0
 254 00b2 FB68     		ldr	r3, [r7, #12]
 255 00b4 4FF00002 		mov	r2, #0
 256 00b8 1A72     		strb	r2, [r3, #8]
  60:openapps/cwellknown/cwellknown.c ****          
  61:openapps/cwellknown/cwellknown.c ****          // have CoAP module write links to all resources
  62:openapps/cwellknown/cwellknown.c ****          opencoap_writeLinks(msg);
 257              		.loc 1 62 0
 258 00ba F868     		ldr	r0, [r7, #12]
 259 00bc FFF7FEFF 		bl	opencoap_writeLinks
  63:openapps/cwellknown/cwellknown.c ****          
  64:openapps/cwellknown/cwellknown.c ****          packetfunctions_reserveHeaderSize(msg,1);
 260              		.loc 1 64 0
 261 00c0 F868     		ldr	r0, [r7, #12]
 262 00c2 4FF00101 		mov	r1, #1
 263 00c6 FFF7FEFF 		bl	packetfunctions_reserveHeaderSize
  65:openapps/cwellknown/cwellknown.c ****          msg->payload[0]     = COAP_PAYLOAD_MARKER;
 264              		.loc 1 65 0
 265 00ca FB68     		ldr	r3, [r7, #12]
 266 00cc 5B68     		ldr	r3, [r3, #4]
 267 00ce 4FF0FF02 		mov	r2, #255
 268 00d2 1A70     		strb	r2, [r3, #0]
  66:openapps/cwellknown/cwellknown.c ****             
  67:openapps/cwellknown/cwellknown.c ****          // add return option
  68:openapps/cwellknown/cwellknown.c ****          packetfunctions_reserveHeaderSize(msg,2);
 269              		.loc 1 68 0
 270 00d4 F868     		ldr	r0, [r7, #12]
 271 00d6 4FF00201 		mov	r1, #2
 272 00da FFF7FEFF 		bl	packetfunctions_reserveHeaderSize
  69:openapps/cwellknown/cwellknown.c ****          msg->payload[0]     = COAP_OPTION_NUM_CONTENTFORMAT << 4 | 1;
 273              		.loc 1 69 0
 274 00de FB68     		ldr	r3, [r7, #12]
 275 00e0 5B68     		ldr	r3, [r3, #4]
 276 00e2 4FF0C102 		mov	r2, #193
 277 00e6 1A70     		strb	r2, [r3, #0]
  70:openapps/cwellknown/cwellknown.c ****          msg->payload[1]     = COAP_MEDTYPE_APPLINKFORMAT;
 278              		.loc 1 70 0
 279 00e8 FB68     		ldr	r3, [r7, #12]
 280 00ea 5B68     		ldr	r3, [r3, #4]
 281 00ec 03F10103 		add	r3, r3, #1
 282 00f0 4FF02802 		mov	r2, #40
 283 00f4 1A70     		strb	r2, [r3, #0]
  71:openapps/cwellknown/cwellknown.c ****          
  72:openapps/cwellknown/cwellknown.c ****          // set the CoAP header
  73:openapps/cwellknown/cwellknown.c ****          coap_header->Code   = COAP_CODE_RESP_CONTENT;
 284              		.loc 1 73 0
 285 00f6 BB68     		ldr	r3, [r7, #8]
 286 00f8 4FF04502 		mov	r2, #69
 287 00fc DA70     		strb	r2, [r3, #3]
  74:openapps/cwellknown/cwellknown.c ****          
  75:openapps/cwellknown/cwellknown.c ****          outcome             = E_SUCCESS;
 288              		.loc 1 75 0
 289 00fe 4FF00003 		mov	r3, #0
 290 0102 FB75     		strb	r3, [r7, #23]
  76:openapps/cwellknown/cwellknown.c ****          
  77:openapps/cwellknown/cwellknown.c ****          break;
 291              		.loc 1 77 0
 292 0104 03E0     		b	.L8
 293              	.L10:
  78:openapps/cwellknown/cwellknown.c ****       default:
  79:openapps/cwellknown/cwellknown.c ****          outcome             = E_FAIL;
 294              		.loc 1 79 0
 295 0106 4FF00103 		mov	r3, #1
 296 010a FB75     		strb	r3, [r7, #23]
  80:openapps/cwellknown/cwellknown.c ****          break;
 297              		.loc 1 80 0
 298 010c 00BF     		nop
 299              	.L8:
  81:openapps/cwellknown/cwellknown.c ****    }
  82:openapps/cwellknown/cwellknown.c ****    
  83:openapps/cwellknown/cwellknown.c ****    return outcome;
 300              		.loc 1 83 0
 301 010e FB7D     		ldrb	r3, [r7, #23]	@ zero_extendqisi2
  84:openapps/cwellknown/cwellknown.c **** }
 302              		.loc 1 84 0
 303 0110 1846     		mov	r0, r3
 304 0112 07F11807 		add	r7, r7, #24
 305 0116 BD46     		mov	sp, r7
 306 0118 80BD     		pop	{r7, pc}
 307              		.cfi_endproc
 308              	.LFE1:
 310 011a 00BF     		.align	2
 311              		.global	cwellknown_sendDone
 312              		.thumb
 313              		.thumb_func
 315              	cwellknown_sendDone:
 316              	.LFB2:
  85:openapps/cwellknown/cwellknown.c **** 
  86:openapps/cwellknown/cwellknown.c **** void cwellknown_sendDone(OpenQueueEntry_t* msg, owerror_t error) {
 317              		.loc 1 86 0
 318              		.cfi_startproc
 319              		@ args = 0, pretend = 0, frame = 8
 320              		@ frame_needed = 1, uses_anonymous_args = 0
 321 011c 80B5     		push	{r7, lr}
 322              	.LCFI5:
 323              		.cfi_def_cfa_offset 8
 324              		.cfi_offset 7, -8
 325              		.cfi_offset 14, -4
 326 011e 82B0     		sub	sp, sp, #8
 327              	.LCFI6:
 328              		.cfi_def_cfa_offset 16
 329 0120 00AF     		add	r7, sp, #0
 330              	.LCFI7:
 331              		.cfi_def_cfa_register 7
 332 0122 7860     		str	r0, [r7, #4]
 333 0124 0B46     		mov	r3, r1
 334 0126 FB70     		strb	r3, [r7, #3]
  87:openapps/cwellknown/cwellknown.c ****    openqueue_freePacketBuffer(msg);
 335              		.loc 1 87 0
 336 0128 7868     		ldr	r0, [r7, #4]
 337 012a FFF7FEFF 		bl	openqueue_freePacketBuffer
  88:openapps/cwellknown/cwellknown.c **** }...
 338              		.loc 1 88 0
 339 012e 07F10807 		add	r7, r7, #8
 340 0132 BD46     		mov	sp, r7
 341 0134 80BD     		pop	{r7, pc}
 342              		.cfi_endproc
 343              	.LFE2:
 345              	.Letext0:
 346              		.file 2 "/opt/gcc-arm-none-eabi-4_7-2013q3/bin/../lib/gcc/arm-none-eabi/4.7.4/../../../../arm-none
 347              		.file 3 "inc/opendefs.h"
 348              		.file 4 "openstack/04-TRAN/opencoap.h"
 349              		.file 5 "openapps/cwellknown/cwellknown.h"
 350              		.file 6 "bsp/boards/OpenMote-CC2538/board_info.h"
DEFINED SYMBOLS
                            *ABS*:00000000 cwellknown.c
     /tmp/cc7myBni.s:19     .rodata:00000000 $d
     /tmp/cc7myBni.s:22     .rodata:00000000 rreg_uriquery
     /tmp/cc7myBni.s:27     .rodata:00000008 infoBoardname
     /tmp/cc7myBni.s:32     .rodata:00000010 infouCName
     /tmp/cc7myBni.s:37     .rodata:00000018 infoRadioName
     /tmp/cc7myBni.s:42     .rodata:00000024 infoStackName
     /tmp/cc7myBni.s:47     .rodata:00000030 ipAddr_ipsoRD
     /tmp/cc7myBni.s:67     .rodata:00000040 ipAddr_motesEecs
     /tmp/cc7myBni.s:87     .rodata:00000050 ipAddr_local
     /tmp/cc7myBni.s:107    .rodata:00000060 ipAddr_motedata
                            *COM*:00000024 cwellknown_vars
     /tmp/cc7myBni.s:129    .rodata:00000070 cwellknown_path0
     /tmp/cc7myBni.s:135    .rodata:0000007c cwellknown_path1
     /tmp/cc7myBni.s:138    .text:00000000 $t
     /tmp/cc7myBni.s:143    .text:00000000 cwellknown_init
     /tmp/cc7myBni.s:222    .text:00000094 cwellknown_receive
     /tmp/cc7myBni.s:315    .text:0000011c cwellknown_sendDone
                     .debug_frame:00000010 $d
                           .group:00000000 wm4.1.e96eee74da26538b12ac9582e3798382
                           .group:00000000 wm4.newlib.h.8.a9901dc52d1357e3e94003403d43f8b5
                           .group:00000000 wm4.features.h.22.b72b3baab2bb2eab3661375590100b6b
                           .group:00000000 wm4.config.h.193.5fb8ef056cdff92dec3dee9552839d8c
                           .group:00000000 wm4._ansi.h.23.b5bb84d7ba97d82b5b1dc1826a7ae811
                           .group:00000000 wm4.stdint.h.20.54ad762faa59e3c05491630641c8d8bf
                           .group:00000000 wm4.toolchain_defs.h.2.e4ebbe6e0a48032a9b79077dc42e1ffd
                           .group:00000000 wm4._default_types.h.6.5e12cd604db8ce00b62bb2f02708eaf3
                           .group:00000000 wm4.lock.h.2.9bc98482741e5e2a9450b12934a684ea
                           .group:00000000 wm4.stddef.h.349.31f4c5baff3fa2689010b32028da9c47
                           .group:00000000 wm4.reent.h.16.9e42f0e588b85e70b2bf6572af57ce64
                           .group:00000000 wm4.stddef.h.187.9e651b6b8b16e149c1353259404973ea
                           .group:00000000 wm4.string.h.17.f8d12df81104836a3f2a5d589ae830d8
                           .group:00000000 wm4.stdbool.h.29.1c9ee6859ce8145f7838a4f2549ccec2
                           .group:00000000 wm4.hw_types.h.67.b10589a0806dcc2d274d6fab6b736519
                           .group:00000000 wm4.interrupt.h.41.272fc4ec0e276feb439e7974d0f77eaf
                           .group:00000000 wm4.board_info.h.21.847e72606a2fc49b1c228f268b8a62aa
                           .group:00000000 wm4.opendefs.h.19.05852eb648ac65e48c7817e5cbf03346
                           .group:00000000 wm4.opentimers.h.8.044f2d040a134cdb0ddb58adfc2508be
                           .group:00000000 wm4.opencoap.h.27.763f8732d8ba6438951ce1c4409e9b68
                           .group:00000000 wm4.openserial.h.8.8c63e3800d2936b44b5370ce1aae62b7
                           .group:00000000 wm4.idmanager.h.2.8c0e2159b32ef3125cbb1e984805cbfe

UNDEFINED SYMBOLS
idmanager_getIsDAGroot
opencoap_register
opencoap_writeLinks
packetfunctions_reserveHeaderSize
openqueue_freePacketBuffer
