   1              		.syntax unified
   2              		.cpu cortex-m3
   3              		.fpu softvfp
   4              		.eabi_attribute 20, 1
   5              		.eabi_attribute 21, 1
   6              		.eabi_attribute 23, 3
   7              		.eabi_attribute 24, 1
   8              		.eabi_attribute 25, 1
   9              		.eabi_attribute 26, 1
  10              		.eabi_attribute 30, 6
  11              		.eabi_attribute 34, 1
  12              		.eabi_attribute 18, 4
  13              		.thumb
  14              		.file	"eui64.c"
  15              		.text
  16              	.Ltext0:
  17              		.cfi_sections	.debug_frame
  18              		.align	2
  19              		.global	eui64_get
  20              		.thumb
  21              		.thumb_func
  23              	eui64_get:
  24              	.LFB0:
  25              		.file 1 "bsp/boards/OpenMote-CC2538/eui64.c"
   1:bsp/boards/OpenMote-CC2538/eui64.c **** /**
   2:bsp/boards/OpenMote-CC2538/eui64.c ****  * Author: Xavier Vilajosana (xvilajosana@eecs.berkeley.edu)
   3:bsp/boards/OpenMote-CC2538/eui64.c ****  *         Pere Tuset (peretuset@openmote.com)
   4:bsp/boards/OpenMote-CC2538/eui64.c ****  * Date:   July 2013
   5:bsp/boards/OpenMote-CC2538/eui64.c ****  * Description: CC2538-specific definition of the "eui64" bsp module.
   6:bsp/boards/OpenMote-CC2538/eui64.c ****  */
   7:bsp/boards/OpenMote-CC2538/eui64.c **** 
   8:bsp/boards/OpenMote-CC2538/eui64.c **** #include "string.h"
   9:bsp/boards/OpenMote-CC2538/eui64.c **** #include "eui64.h"
  10:bsp/boards/OpenMote-CC2538/eui64.c **** 
  11:bsp/boards/OpenMote-CC2538/eui64.c **** //=========================== defines =========================================
  12:bsp/boards/OpenMote-CC2538/eui64.c **** 
  13:bsp/boards/OpenMote-CC2538/eui64.c **** #define BSP_EUI64_ADDRESS_HI_H      ( 0x0028002F )
  14:bsp/boards/OpenMote-CC2538/eui64.c **** #define BSP_EUI64_ADDRESS_HI_L      ( 0x0028002C )
  15:bsp/boards/OpenMote-CC2538/eui64.c **** #define BSP_EUI64_ADDRESS_LO_H      ( 0x0028002B )
  16:bsp/boards/OpenMote-CC2538/eui64.c **** #define BSP_EUI64_ADDRESS_LO_L      ( 0x00280028 )
  17:bsp/boards/OpenMote-CC2538/eui64.c **** 
  18:bsp/boards/OpenMote-CC2538/eui64.c **** //=========================== variables =======================================
  19:bsp/boards/OpenMote-CC2538/eui64.c **** 
  20:bsp/boards/OpenMote-CC2538/eui64.c **** //=========================== prototypes ======================================
  21:bsp/boards/OpenMote-CC2538/eui64.c **** 
  22:bsp/boards/OpenMote-CC2538/eui64.c **** //=========================== public ==========================================
  23:bsp/boards/OpenMote-CC2538/eui64.c **** 
  24:bsp/boards/OpenMote-CC2538/eui64.c **** void eui64_get(uint8_t* addressToWrite) {
  26              		.loc 1 24 0
  27              		.cfi_startproc
  28              		@ args = 0, pretend = 0, frame = 16
  29              		@ frame_needed = 1, uses_anonymous_args = 0
  30              		@ link register save eliminated.
  31 0000 80B4     		push	{r7}
  32              	.LCFI0:
  33              		.cfi_def_cfa_offset 4
  34              		.cfi_offset 7, -4
  35 0002 85B0     		sub	sp, sp, #20
  36              	.LCFI1:
  37              		.cfi_def_cfa_offset 24
  38 0004 00AF     		add	r7, sp, #0
  39              	.LCFI2:
  40              		.cfi_def_cfa_register 7
  41 0006 7860     		str	r0, [r7, #4]
  25:bsp/boards/OpenMote-CC2538/eui64.c ****    uint8_t* eui64_flash;
  26:bsp/boards/OpenMote-CC2538/eui64.c ****    
  27:bsp/boards/OpenMote-CC2538/eui64.c ****    eui64_flash = (uint8_t*)BSP_EUI64_ADDRESS_LO_H;
  42              		.loc 1 27 0
  43 0008 4FF02B03 		mov	r3, #43
  44 000c C0F22803 		movt	r3, 40
  45 0010 FB60     		str	r3, [r7, #12]
  28:bsp/boards/OpenMote-CC2538/eui64.c ****    while(eui64_flash >= (uint8_t*)BSP_EUI64_ADDRESS_LO_L) {
  46              		.loc 1 28 0
  47 0012 0BE0     		b	.L2
  48              	.L3:
  29:bsp/boards/OpenMote-CC2538/eui64.c ****       *addressToWrite++ = *eui64_flash--;
  49              		.loc 1 29 0
  50 0014 FB68     		ldr	r3, [r7, #12]
  51 0016 1A78     		ldrb	r2, [r3, #0]	@ zero_extendqisi2
  52 0018 7B68     		ldr	r3, [r7, #4]
  53 001a 1A70     		strb	r2, [r3, #0]
  54 001c 7B68     		ldr	r3, [r7, #4]
  55 001e 03F10103 		add	r3, r3, #1
  56 0022 7B60     		str	r3, [r7, #4]
  57 0024 FB68     		ldr	r3, [r7, #12]
  58 0026 03F1FF33 		add	r3, r3, #-1
  59 002a FB60     		str	r3, [r7, #12]
  60              	.L2:
  28:bsp/boards/OpenMote-CC2538/eui64.c ****    while(eui64_flash >= (uint8_t*)BSP_EUI64_ADDRESS_LO_L) {
  61              		.loc 1 28 0 discriminator 1
  62 002c FA68     		ldr	r2, [r7, #12]
  63 002e 4FF02703 		mov	r3, #39
  64 0032 C0F22803 		movt	r3, 40
  65 0036 9A42     		cmp	r2, r3
  66 0038 ECD8     		bhi	.L3
  30:bsp/boards/OpenMote-CC2538/eui64.c ****    }
  31:bsp/boards/OpenMote-CC2538/eui64.c ****    
  32:bsp/boards/OpenMote-CC2538/eui64.c ****    eui64_flash = (uint8_t*)BSP_EUI64_ADDRESS_HI_H;
  67              		.loc 1 32 0
  68 003a 4FF02F03 		mov	r3, #47
  69 003e C0F22803 		movt	r3, 40
  70 0042 FB60     		str	r3, [r7, #12]
  33:bsp/boards/OpenMote-CC2538/eui64.c ****    while(eui64_flash >= (uint8_t*)BSP_EUI64_ADDRESS_HI_L) {
  71              		.loc 1 33 0
  72 0044 0BE0     		b	.L4
  73              	.L5:
  34:bsp/boards/OpenMote-CC2538/eui64.c ****       *addressToWrite++ = *eui64_flash--;
  74              		.loc 1 34 0
  75 0046 FB68     		ldr	r3, [r7, #12]
  76 0048 1A78     		ldrb	r2, [r3, #0]	@ zero_extendqisi2
  77 004a 7B68     		ldr	r3, [r7, #4]
  78 004c 1A70     		strb	r2, [r3, #0]
  79 004e 7B68     		ldr	r3, [r7, #4]
  80 0050 03F10103 		add	r3, r3, #1
  81 0054 7B60     		str	r3, [r7, #4]
  82 0056 FB68     		ldr	r3, [r7, #12]
  83 0058 03F1FF33 		add	r3, r3, #-1
  84 005c FB60     		str	r3, [r7, #12]
  85              	.L4:
  33:bsp/boards/OpenMote-CC2538/eui64.c ****    while(eui64_flash >= (uint8_t*)BSP_EUI64_ADDRESS_HI_L) {
  86              		.loc 1 33 0 discriminator 1
  87 005e FA68     		ldr	r2, [r7, #12]
  88 0060 4FF02B03 		mov	r3, #43
  89 0064 C0F22803 		movt	r3, 40
  90 0068 9A42     		cmp	r2, r3
  91 006a ECD8     		bhi	.L5
  35:bsp/boards/OpenMote-CC2538/eui64.c ****    }
  36:bsp/boards/OpenMote-CC2538/eui64.c **** }
  92              		.loc 1 36 0
  93 006c 07F11407 		add	r7, r7, #20
  94 0070 BD46     		mov	sp, r7
  95 0072 80BC     		pop	{r7}
  96 0074 7047     		bx	lr
  97              		.cfi_endproc
  98              	.LFE0:
 100              	.Letext0:
 101              		.file 2 "/opt/gcc-arm-none-eabi-4_7-2013q3/bin/../lib/gcc/arm-none-eabi/4.7.4/../../../../arm-none
DEFINED SYMBOLS
                            *ABS*:00000000 eui64.c
     /tmp/cc0z5QMt.s:18     .text:00000000 $t
     /tmp/cc0z5QMt.s:23     .text:00000000 eui64_get
                     .debug_frame:00000010 $d
                           .group:00000000 wm4.1.e96eee74da26538b12ac9582e3798382
                           .group:00000000 wm4.newlib.h.8.a9901dc52d1357e3e94003403d43f8b5
                           .group:00000000 wm4.features.h.22.b72b3baab2bb2eab3661375590100b6b
                           .group:00000000 wm4.config.h.193.5fb8ef056cdff92dec3dee9552839d8c
                           .group:00000000 wm4._ansi.h.23.b5bb84d7ba97d82b5b1dc1826a7ae811
                           .group:00000000 wm4._default_types.h.6.5e12cd604db8ce00b62bb2f02708eaf3
                           .group:00000000 wm4.lock.h.2.9bc98482741e5e2a9450b12934a684ea
                           .group:00000000 wm4.stddef.h.349.31f4c5baff3fa2689010b32028da9c47
                           .group:00000000 wm4.reent.h.16.9e42f0e588b85e70b2bf6572af57ce64
                           .group:00000000 wm4.stddef.h.187.9e651b6b8b16e149c1353259404973ea
                           .group:00000000 wm4.string.h.17.f8d12df81104836a3f2a5d589ae830d8
                           .group:00000000 wm4.stdint.h.10.90b695f550ca6cc3fb08fa83baf01e05

NO UNDEFINED SYMBOLS
